2025-05-05 08:24:30,253 - discord - ERROR - Discord token not found. Make sure to set DISCORD_TOKEN in your .env file.
2025-05-05 08:24:32,829 - discord - ERROR - Discord token not found. Make sure to set DISCORD_TOKEN in your .env file.
2025-05-05 08:25:32,961 - discord - ERROR - Discord token not found. Make sure to set DISCORD_TOKEN in your .env file.
2025-05-05 08:25:33,743 - discord - ERROR - Discord token not found. Make sure to set DISCORD_TOKEN in your .env file.
2025-05-05 08:26:20,986 - discord.client - WARNING - PyNaCl is not installed, voice will NOT be supported
2025-05-05 08:26:20,986 - discord - INFO - Starting bot...
2025-05-05 08:26:20,987 - discord.client - INFO - logging in using static token
2025-05-05 08:26:21,619 - discord - ERROR - An error occurred while running the bot: Shard ID None is requesting privileged intents that have not been explicitly enabled in the developer portal. It is recommended to go to https://discord.com/developers/applications/ and explicitly enable the privileged intents within your application's page. If this is not possible, then consider disabling the privileged intents instead.
2025-05-05 08:26:21,792 - discord.client - WARNING - PyNaCl is not installed, voice will NOT be supported
2025-05-05 08:26:21,793 - discord - INFO - Starting bot...
2025-05-05 08:26:21,793 - discord.client - INFO - logging in using static token
2025-05-05 08:26:22,325 - discord - ERROR - An error occurred while running the bot: Shard ID None is requesting privileged intents that have not been explicitly enabled in the developer portal. It is recommended to go to https://discord.com/developers/applications/ and explicitly enable the privileged intents within your application's page. If this is not possible, then consider disabling the privileged intents instead.
2025-05-05 08:27:36,582 - discord.client - WARNING - PyNaCl is not installed, voice will NOT be supported
2025-05-05 08:27:36,582 - discord - INFO - Starting bot...
2025-05-05 08:27:36,583 - discord.client - INFO - logging in using static token
2025-05-05 08:27:37,127 - discord.gateway - INFO - Shard ID None has connected to Gateway (Session ID: bf68bf95ce98941d142ac8f11038ec8f).
2025-05-05 08:27:37,414 - discord.client - WARNING - PyNaCl is not installed, voice will NOT be supported
2025-05-05 08:27:37,415 - discord - INFO - Starting bot...
2025-05-05 08:27:37,416 - discord.client - INFO - logging in using static token
2025-05-05 08:27:38,054 - discord.gateway - INFO - Shard ID None has connected to Gateway (Session ID: f11e53163b39afd3f717f827cc1fa962).
2025-05-05 08:27:39,161 - discord - INFO - Bot logged in as monkey.mc (ID: 1368859305935114280)
2025-05-05 08:27:39,161 - discord - INFO - Connected to 1 guild(s)
2025-05-05 08:27:39,165 - discord - ERROR - Failed to load cog basic_commands.py: Extension 'cogs.basic_commands' raised an error: CommandRegistrationError: The command help is already an existing command or alias.
2025-05-05 08:27:39,167 - discord - INFO - Loaded cog: utility_commands
2025-05-05 08:27:39,167 - discord - INFO - All cogs loaded successfully
2025-05-05 08:27:40,058 - discord - INFO - Bot logged in as monkey.mc (ID: 1368859305935114280)
2025-05-05 08:27:40,058 - discord - INFO - Connected to 1 guild(s)
2025-05-05 08:27:40,060 - discord - ERROR - Failed to load cog basic_commands.py: Extension 'cogs.basic_commands' raised an error: CommandRegistrationError: The command help is already an existing command or alias.
2025-05-05 08:27:40,061 - discord - INFO - Loaded cog: utility_commands
2025-05-05 08:27:40,062 - discord - INFO - All cogs loaded successfully
